0 verbose cli /usr/bin/node /usr/bin/npm
1 info using npm@9.2.0
2 info using node@v18.19.1
3 timing npm:load:whichnode Completed in 1ms
4 timing config:load:defaults Completed in 9ms
5 timing config:load:file:/usr/share/nodejs/npm/npmrc Completed in 12ms
6 timing config:load:builtin Completed in 12ms
7 timing config:load:cli Completed in 7ms
8 timing config:load:env Completed in 2ms
9 timing config:load:project Completed in 7ms
10 timing config:load:file:/var/lib/pufferpanel/servers/b4b03d75/.npmrc Completed in 1ms
11 timing config:load:user Completed in 2ms
12 timing config:load:file:/etc/npmrc Completed in 1ms
13 timing config:load:global Completed in 2ms
14 timing config:load:setEnvs Completed in 6ms
15 timing config:load Completed in 50ms
16 timing npm:load:configload Completed in 51ms
17 timing npm:load:mkdirpcache Completed in 1ms
18 timing npm:load:mkdirplogs Completed in 1ms
19 verbose title npm start
20 verbose argv "start"
21 timing npm:load:setTitle Completed in 7ms
22 timing config:load:flatten Completed in 19ms
23 timing npm:load:display Completed in 24ms
24 verbose logfile logs-max:10 dir:/var/lib/pufferpanel/servers/b4b03d75/.npm/_logs/2025-06-20T15_33_11_184Z-
25 verbose logfile /var/lib/pufferpanel/servers/b4b03d75/.npm/_logs/2025-06-20T15_33_11_184Z-debug-0.log
26 timing npm:load:logFile Completed in 45ms
27 timing npm:load:timers Completed in 0ms
28 timing npm:load:configScope Completed in 0ms
29 timing npm:load Completed in 137ms
30 timing config:load:flatten Completed in 2ms
31 silly logfile start cleaning logs, removing 1 files
32 silly logfile done cleaning log files
