0 verbose cli /usr/bin/node /usr/bin/npm
1 info using npm@9.2.0
2 info using node@v18.19.1
3 timing npm:load:whichnode Completed in 2ms
4 timing config:load:defaults Completed in 13ms
5 timing config:load:file:/usr/share/nodejs/npm/npmrc Completed in 17ms
6 timing config:load:builtin Completed in 18ms
7 timing config:load:cli Completed in 8ms
8 timing config:load:env Completed in 2ms
9 timing config:load:project Completed in 11ms
10 timing config:load:file:/var/lib/pufferpanel/servers/b4b03d75/.npmrc Completed in 1ms
11 timing config:load:user Completed in 3ms
12 timing config:load:file:/etc/npmrc Completed in 1ms
13 timing config:load:global Completed in 2ms
14 timing config:load:setEnvs Completed in 6ms
15 timing config:load Completed in 67ms
16 timing npm:load:configload Completed in 68ms
17 timing npm:load:mkdirpcache Completed in 3ms
18 timing npm:load:mkdirplogs Completed in 2ms
19 verbose title npm start
20 verbose argv "start"
21 timing npm:load:setTitle Completed in 9ms
22 timing config:load:flatten Completed in 36ms
23 timing npm:load:display Completed in 42ms
24 verbose logfile logs-max:10 dir:/var/lib/pufferpanel/servers/b4b03d75/.npm/_logs/2025-06-22T11_22_27_729Z-
25 verbose logfile /var/lib/pufferpanel/servers/b4b03d75/.npm/_logs/2025-06-22T11_22_27_729Z-debug-0.log
26 timing npm:load:logFile Completed in 71ms
27 timing npm:load:timers Completed in 1ms
28 timing npm:load:configScope Completed in 2ms
29 timing npm:load Completed in 215ms
30 silly logfile start cleaning logs, removing 1 files
31 timing config:load:flatten Completed in 5ms
32 silly logfile done cleaning log files
